<?xml version="1.0" encoding="UTF-8"?>
<!-- Generated by org.testng.reporters.JUnitXMLReporter -->
<testsuite ignored="0" hostname="LAPTOP-4PEF2DB4" failures="0" tests="4" name="Default test" time="11.795" errors="0" timestamp="2024-06-08T13:40:10 IST">
  <testcase classname="api.test.UserTests" name="testPostUser" time="4.06"/>
  <testcase classname="api.test.UserTests" name="testGetUserByName" time="1.624"/>
  <testcase classname="api.test.UserTests" name="testUpdateUserByName" time="3.168"/>
  <testcase classname="api.test.UserTests" name="testDeleteUserByName" time="1.6"/>
</testsuite> <!-- Default test -->
